EXTRACTED MESSAGE CLASSES:
CLASS 1.
	CLASSNAME: TestSerialMsg
	AM ID: 137
	FIELD 1.
		NAME: counter
		INDEX: 1
		ISARRAY: false
		TYPE: int
		SIZE: 2
TO_INCREMENT PRIMARY KEY);
TRYING TO CONNECT 0
WARNING: Couldn't connect to 1 at time Wed Oct 03 18:04:02 PDT 2012. Attempt 1
TRYING TO CONNECT 1
java.io.IOException: interrupted
	at net.tinyos.packet.PhoenixSource.awaitStartup(PhoenixSource.java:72)
	at net.tinyos.message.MoteIF.init(MoteIF.java:123)
	at net.tinyos.message.MoteIF.<init>(MoteIF.java:110)
	at dbDump$dbConnection.tryConnect(dbDump.java:1123)
	at dbDump$dbConnection.error(dbDump.java:1167)
	at net.tinyos.packet.PhoenixSource.run(PhoenixSource.java:174)
WARNING: Couldn't connect to 1 at time Wed Oct 03 18:04:32 PDT 2012. Attempt 2
