Attempting Connection...
WARNING: Couldn't connect to database at time Wed Oct 03 09:01:07 PDT 2012. Attempt 0
Attempting Connection...
WARNING: Couldn't connect to database at time Wed Oct 03 09:01:08 PDT 2012. Attempt 1
Attempting Connection...
WARNING: Couldn't connect to database at time Wed Oct 03 09:01:09 PDT 2012. Attempt 2
Attempting Connection...
WARNING: Couldn't connect to database at time Wed Oct 03 09:01:10 PDT 2012. Attempt 3
Attempting Connection...
WARNING: Couldn't connect to database at time Wed Oct 03 09:01:11 PDT 2012. Attempt 4
DBLOGGER ERROR: dbDump: problem connecting to database.  Exiting.
com.mysql.jdbc.exceptions.jdbc4.MySQLSyntaxErrorException: Unknown database 'elijah_houle'
	at sun.reflect.NativeConstructorAccessorImpl.newInstance0(Native Method)
	at sun.reflect.NativeConstructorAccessorImpl.newInstance(NativeConstructorAccessorImpl.java:57)
	at sun.reflect.DelegatingConstructorAccessorImpl.newInstance(DelegatingConstructorAccessorImpl.java:45)
	at java.lang.reflect.Constructor.newInstance(Constructor.java:532)
	at com.mysql.jdbc.Util.handleNewInstance(Util.java:406)
	at com.mysql.jdbc.Util.getInstance(Util.java:381)
	at com.mysql.jdbc.SQLError.createSQLException(SQLError.java:1030)
	at com.mysql.jdbc.SQLError.createSQLException(SQLError.java:956)
	at com.mysql.jdbc.MysqlIO.checkErrorPacket(MysqlIO.java:3558)
	at com.mysql.jdbc.MysqlIO.checkErrorPacket(MysqlIO.java:3490)
	at com.mysql.jdbc.MysqlIO.checkErrorPacket(MysqlIO.java:919)
	at com.mysql.jdbc.MysqlIO.secureAuth411(MysqlIO.java:3996)
	at com.mysql.jdbc.MysqlIO.doHandshake(MysqlIO.java:1284)
	at com.mysql.jdbc.ConnectionImpl.createNewIO(ConnectionImpl.java:2142)
	at com.mysql.jdbc.ConnectionImpl.<init>(ConnectionImpl.java:781)
	at com.mysql.jdbc.JDBC4Connection.<init>(JDBC4Connection.java:46)
	at sun.reflect.NativeConstructorAccessorImpl.newInstance0(Native Method)
	at sun.reflect.NativeConstructorAccessorImpl.newInstance(NativeConstructorAccessorImpl.java:57)
	at sun.reflect.DelegatingConstructorAccessorImpl.newInstance(DelegatingConstructorAccessorImpl.java:45)
	at java.lang.reflect.Constructor.newInstance(Constructor.java:532)
	at com.mysql.jdbc.Util.handleNewInstance(Util.java:406)
	at com.mysql.jdbc.ConnectionImpl.getInstance(ConnectionImpl.java:352)
	at com.mysql.jdbc.NonRegisteringDriver.connect(NonRegisteringDriver.java:284)
	at java.sql.DriverManager.getConnection(DriverManager.java:620)
	at java.sql.DriverManager.getConnection(DriverManager.java:200)
	at dbDump.establishDBConnection(dbDump.java:439)
	at dbDump.main(dbDump.java:747)
