EXTRACTED MESSAGE CLASSES:
CLASS 1.
	CLASSNAME: TestSerialMsg
	AM ID: 137
	FIELD 1.
		NAME: counter
		INDEX: 1
		ISARRAY: false
		TYPE: int
		SIZE: 2
TO_INCREMENT PRIMARY KEY);
TRYING TO CONNECT 0
WARNING: Couldn't connect to 1 at time Wed Oct 03 15:02:01 PDT 2012. Attempt 1
TRYING TO CONNECT 1
java.io.IOException: interrupted
	at net.tinyos.packet.PhoenixSource.awaitStartup(PhoenixSource.java:72)
	at net.tinyos.message.MoteIF.init(MoteIF.java:123)
	at net.tinyos.message.MoteIF.<init>(MoteIF.java:110)
	at dbDump$dbConnection.tryConnect(dbDump.java:1121)
	at dbDump$dbConnection.error(dbDump.java:1165)
	at net.tinyos.packet.PhoenixSource.run(PhoenixSource.java:174)
WARNING: Couldn't connect to 1 at time Wed Oct 03 15:02:31 PDT 2012. Attempt 2
TRYING TO CONNECT 2
java.io.IOException: interrupted
	at net.tinyos.packet.PhoenixSource.awaitStartup(PhoenixSource.java:72)
	at net.tinyos.message.MoteIF.init(MoteIF.java:123)
	at net.tinyos.message.MoteIF.<init>(MoteIF.java:110)
	at dbDump$dbConnection.tryConnect(dbDump.java:1121)
	at dbDump$dbConnection.error(dbDump.java:1165)
	at net.tinyos.packet.PhoenixSource.run(PhoenixSource.java:174)
WARNING: Couldn't connect to 1 at time Wed Oct 03 15:03:01 PDT 2012. Attempt 3
TRYING TO CONNECT 3
java.io.IOException: interrupted
	at net.tinyos.packet.PhoenixSource.awaitStartup(PhoenixSource.java:72)
	at net.tinyos.message.MoteIF.init(MoteIF.java:123)
	at net.tinyos.message.MoteIF.<init>(MoteIF.java:110)
	at dbDump$dbConnection.tryConnect(dbDump.java:1121)
	at dbDump$dbConnection.error(dbDump.java:1165)
	at net.tinyos.packet.PhoenixSource.run(PhoenixSource.java:174)
WARNING: Couldn't connect to 1 at time Wed Oct 03 15:03:31 PDT 2012. Attempt 4
TRYING TO CONNECT 4
java.io.IOException: interrupted
	at net.tinyos.packet.PhoenixSource.awaitStartup(PhoenixSource.java:72)
	at net.tinyos.message.MoteIF.init(MoteIF.java:123)
	at net.tinyos.message.MoteIF.<init>(MoteIF.java:110)
	at dbDump$dbConnection.tryConnect(dbDump.java:1121)
	at dbDump$dbConnection.error(dbDump.java:1165)
	at net.tinyos.packet.PhoenixSource.run(PhoenixSource.java:174)
WARNING: Couldn't connect to 1 at time Wed Oct 03 15:04:01 PDT 2012. Attempt 5
TRYING TO CONNECT 5
java.io.IOException: interrupted
	at net.tinyos.packet.PhoenixSource.awaitStartup(PhoenixSource.java:72)
	at net.tinyos.message.MoteIF.init(MoteIF.java:123)
	at net.tinyos.message.MoteIF.<init>(MoteIF.java:110)
	at dbDump$dbConnection.tryConnect(dbDump.java:1121)
	at dbDump$dbConnection.error(dbDump.java:1165)
	at net.tinyos.packet.PhoenixSource.run(PhoenixSource.java:174)
WARNING: Couldn't connect to 1 at time Wed Oct 03 15:04:31 PDT 2012. Attempt 6
TRYING TO CONNECT 6
java.io.IOException: interrupted
	at net.tinyos.packet.PhoenixSource.awaitStartup(PhoenixSource.java:72)
	at net.tinyos.message.MoteIF.init(MoteIF.java:123)
	at net.tinyos.message.MoteIF.<init>(MoteIF.java:110)
	at dbDump$dbConnection.tryConnect(dbDump.java:1121)
	at dbDump$dbConnection.error(dbDump.java:1165)
	at net.tinyos.packet.PhoenixSource.run(PhoenixSource.java:174)
WARNING: Couldn't connect to 1 at time Wed Oct 03 15:05:01 PDT 2012. Attempt 7
